<?xml version="1.0" encoding="UTF-8"?>
<!-- Generated by org.testng.reporters.JUnitReportReporter -->
<testsuite skipped="0" hostname="DESKTOP-7GLPA10" name="HelperClassTest" tests="4" failures="0" timestamp="10 Oct 2018 14:52:43 GMT" time="2.580" errors="0">
  <testcase name="should_sort_input_correctly" time="0.001" classname="HelperClassTest"/>
  <testcase name="should_return_sorted_fifty_names" time="2.512" classname="HelperClassTest"/>
  <testcase name="should_not_return_duplicate_names" time="0.054" classname="HelperClassTest"/>
  <testcase name="should_check_the_input_validations" time="0.013" classname="HelperClassTest"/>
</testsuite> <!-- HelperClassTest -->
